epoch,loss,val_loss
0,-0.5594956107934316,-0.5022694477461335
1,-0.6055368475765321,-0.4926298243882961
2,-0.6010805151435766,-0.4927474039053558
3,-0.5920697178733483,-0.4985398166161731
4,-0.5967991153175911,-0.5010997952151119
5,-0.5926012021622488,-0.49965080730897143
6,-0.5986696889314951,-0.4912756484253962
7,-0.5947931488355,-0.49115135660745146
8,-0.5952266466617584,-0.4943645083255426
9,-0.6014708528582682,-0.482864948367714
10,-0.5940519793151205,-0.49744502404578644
11,-0.5890548885403193,-0.49977356285080876
12,-0.6015984604022647,-0.4959713576879716
13,-0.5985127889254702,-0.5056479268542833
14,-0.5847814520128369,-0.4939487475649755
15,-0.6001862953925186,-0.486928018346065
16,-0.6113785836728699,-0.5025745501419655
17,-0.5994395405187735,-0.5015336539512291
18,-0.5827124059067537,-0.4977584638093647
19,-0.5905865738855912,-0.48447617238625545
20,-0.5704849239970956,-0.49213193547456785
21,-0.5992606461048127,-0.5028992789944905
22,-0.6036749162227911,-0.493219338413468
23,-0.6014119540037733,-0.49633896171598507
24,-0.5971668096668518,-0.5022273100632474
25,-0.6083356866194038,-0.4972292184829712
26,-0.6079005241394043,-0.4972733864210602
27,-0.5853516096394418,-0.4991823470121936
28,-0.5919527963405232,-0.4978357620705339
29,-0.610771359205246,-0.5134102101612809
30,-0.5952164854779339,-0.5083681524248052
31,-0.5988547825813293,-0.5111138506939537
32,-0.6169274923506748,-0.5054799573762077
33,-0.594867675896459,-0.5045308694803625
34,-0.6196736508955335,-0.5050728836453947
35,-0.6025830938715181,-0.49744631719768495
36,-0.5868141341182862,-0.5026713701567256
37,-0.6157794224896601,-0.5040997114396633
38,-0.6073216414451599,-0.5069359782632077
39,-0.6011624056220854,-0.49403640112482516
40,-0.5992324146502268,-0.5023564651496428
41,-0.6177718549103939,-0.5035278371402195
42,-0.6101913412412008,-0.5029993025880111
43,-0.6065777346191791,-0.5017571246489546
44,-0.5947787022644094,-0.5131919419855103
45,-0.5982170554002126,-0.504471831976023
46,-0.5962224837144215,-0.5104868322386777
47,-0.593440135717392,-0.4986601059598134
48,-0.6033041001435353,-0.5055328455186427
49,-0.6298653755412006,-0.48690548113414217
50,-0.6269942705139451,-0.506354487256
51,-0.6076682213986857,-0.49828798699199706
52,-0.6044627571105957,-0.5083162732966626
53,-0.5933783379588733,-0.5034304662306506
54,-0.6138640908400218,-0.5063590012994924
55,-0.5989456040747214,-0.49023231460635824
56,-0.6069416682501989,-0.49321044589343827
57,-0.6231914246454835,-0.5021443734491678
58,-0.5922237718853716,-0.505262781802873
59,-0.5953976881504058,-0.5007699293301517
0,-0.5844165001596723,-0.509697076969577
1,-0.6149295945875509,-0.4913304510869478
2,-0.5928704977035523,-0.4855966913072686
3,-0.6052322952778308,-0.5023505158890459
4,-0.5979092662630517,-0.5116773863932244
5,-0.6022898391891198,-0.5075897417570415
6,-0.6036373441633971,-0.4994261188614637
7,-0.6154116198614046,-0.49692261711995406
8,-0.5983159762698335,-0.502530774003581
9,-0.612494526354196,-0.4819705535594682
10,-0.6069907588896408,-0.5007816418669278
11,-0.5979706772736141,-0.500295479046671
12,-0.6251489684276622,-0.5030040789983774
13,-0.591997607826666,-0.4784855102153873
14,-0.6089722297939599,-0.49139936167494697
15,-0.6057633618255714,-0.49321508855748
16,-0.6084440761688216,-0.4980061177472423
17,-0.6015607538548383,-0.4920436291766346
18,-0.6028007903656403,-0.4974041572190765
19,-0.5949339124833652,-0.5019155677996183
20,-0.601913585321505,-0.49465075314493107
21,-0.6072880857161482,-0.48743496756804616
22,-0.6015341870162798,-0.5059750980900642
23,-0.6053063313773626,-0.5015890764114552
24,-0.6125452505533711,-0.5109958935500984
25,-0.600979258032406,-0.4947770780190489
26,-0.6186360737551814,-0.5076517805709202
27,-0.6026010397480044,-0.5108870841506729
28,-0.6172523672704573,-0.4977858458694659
29,-0.6161986869847488,-0.5050302741670967
30,-0.6137852380478305,-0.4888617239500347
31,-0.5911583792079579,-0.49286881918297676
32,-0.6134836718246535,-0.4932280326248112
33,-0.6153686942617878,-0.5067220083752969
34,-0.6103886265462546,-0.4926732805438508
0,-0.10694804361376625,-0.12629272810516567
1,-0.11757905634406668,-0.13301578272868247
2,-0.12388290513139338,-0.13569764433986078
3,-0.12641516152385607,-0.14172184141012875
4,-0.12635949573916339,-0.1457633398962717
5,-0.1332986457872928,-0.14921245196439925
6,-0.14485181275380246,-0.1508120747595808
7,-0.14174404321401832,-0.1611303985118866
8,-0.15317080860379442,-0.16324195961882598
9,-0.15383854464032234,-0.16885225975165402
10,-0.1546211201697588,-0.17711102201120696
11,-0.16289997162253494,-0.18152275822893546
12,-0.17074548501752684,-0.18607187564790684
13,-0.18452323750141097,-0.1895045028985852
14,-0.17715236761046022,-0.19631051484250675
15,-0.18611313749600378,-0.1970286267490065
16,-0.2094658009516887,-0.20815117820336002
17,-0.2050593403318236,-0.21014173774823655
18,-0.21703698199528915,-0.2211095349740808
19,-0.24016852346088352,-0.2280014490667921
20,-0.2069807898589743,-0.23585889385129413
21,-0.24085956937422248,-0.2299412200703238
22,-0.22440504127625743,-0.23747086280916077
23,-0.26371615283912225,-0.2554464372840241
24,-0.24922795875523335,-0.2592634803404773
25,-0.27544139510676363,-0.2657214511920066
26,-0.27583678701231557,-0.27008263146790273
27,-0.27115420662821865,-0.2726958558289674
28,-0.2814154066466566,-0.2830089660239046
29,-0.3002372104714463,-0.28416570498995536
30,-0.30503034898651515,-0.29523635758970773
31,-0.28871019928052033,-0.29671518276207637
32,-0.31860010705617053,-0.29387766780861974
33,-0.30792695269438214,-0.3102937875872981
34,-0.33749388062801117,-0.32078132490172
35,-0.3352451641672159,-0.3190494288493247
36,-0.33792436084686184,-0.3214238059781764
37,-0.34139314427589756,-0.326461045520149
38,-0.3621564137673429,-0.32984736627035766
39,-0.368428704238707,-0.3086487363724813
40,-0.36748520943426316,-0.32573935346011695
41,-0.37127062917649106,-0.33892323337767244
42,-0.38321099961357546,-0.3406876225541108
43,-0.3848480607125693,-0.3548143262410686
44,-0.39211113454821783,-0.3488818678977716
45,-0.3905528990455486,-0.36491192300824354
46,-0.41320138410276214,-0.36443160202381386
47,-0.42614811024358196,-0.375680558872919
48,-0.4163641393567561,-0.37818006920988545
49,-0.4385192924572007,-0.36935583735904554
50,-0.4270727617980598,-0.37215563546131997
51,-0.4455805657765804,-0.3917927149220975
52,-0.4355057947910749,-0.385877368006393
53,-0.46121314802477437,-0.37967239091866206
54,-0.45675163047435957,-0.391493581724863
55,-0.45389188214754445,-0.3779692375746957
56,-0.46358836315105595,-0.3892832267893492
57,-0.46724922081519815,-0.40214254146944867
58,-0.4623498553591207,-0.41550110769967963
59,-0.4865191592904689,-0.39514998406389334
60,-0.4763069355334991,-0.40379638175894744
61,-0.4776200753808533,-0.4070352572594246
62,-0.4850786146617705,-0.4083041461714863
63,-0.5033375775916162,-0.4116079058960406
64,-0.49973683126511115,-0.4140051233507421
65,-0.4928607240799935,-0.4197427103989316
66,-0.5147317392944262,-0.41503767223253735
67,-0.49007400748811564,-0.40948865986871025
68,-0.5028577719059625,-0.41740235403506426
69,-0.5282353117707996,-0.41888538612066395
70,-0.5091910031743538,-0.4284964595397894
71,-0.5157455084785338,-0.40908334420545256
72,-0.5240448934084396,-0.4246943416821696
73,-0.5244532579899858,-0.43518051222293047
74,-0.5181687844210657,-0.41148251730160124
75,-0.5368686470606808,-0.45289767506348827
76,-0.5506556321168822,-0.43670874398990267
77,-0.5373367476157653,-0.45697754969562054
78,-0.5530113516709744,-0.4551510893515427
79,-0.5474873451272732,-0.4540400309284238
80,-0.5612944844059455,-0.43911752518076097
81,-0.5548237464340408,-0.4468192105745747
82,-0.5661613843133373,-0.4391140722445328
83,-0.5763602050844692,-0.46336236095776523
84,-0.5633174792985078,-0.4277394570573403
85,-0.5336080190301199,-0.4498714634971897
86,-0.5631805939059104,-0.4674959313260378
87,-0.5758835770541506,-0.4553133240581429
88,-0.5536277705623257,-0.4689796449494188
89,-0.559231698513031,-0.4746480877817112
90,-0.5674963724228643,-0.4690377377245548
91,-0.6031036169743845,-0.4806569011977119
92,-0.572404589136271,-0.47653478862595383
93,-0.5817991612281964,-0.44245873815821907
94,-0.5857737706553552,-0.47579351415599347
95,-0.5972782233408813,-0.47828570421594774
96,-0.6003239066559869,-0.4726099189180527
97,-0.5957445273925732,-0.4775744411197022
98,-0.5907366990015425,-0.4554028906961427
99,-0.5789587674602386,-0.4651950393279974
100,-0.5989741265516857,-0.4699786801407807
101,-0.6083442573903277,-0.4786753419541965
102,-0.5888737328590885,-0.49086039388266794
103,-0.5903004994994823,-0.4774041554353533
104,-0.5901163244865368,-0.48118575472031194
105,-0.5929555077706614,-0.48041338620394686
106,-0.602736205635009,-0.4739847385535275
107,-0.619227298595363,-0.47954284405186226
108,-0.6083908103166088,-0.4722928578836204
109,-0.6052263903668912,-0.47679810062812195
110,-0.6098194176150906,-0.46745926968372653
111,-0.6039825885913612,-0.4836119826692734
112,-0.6110317825243391,-0.48490242583908305
113,-0.5980473485743177,-0.446469269094676
114,-0.6281524796639719,-0.4657723029164502
115,-0.6277107745409012,-0.45752143598821043
116,-0.6127688991717803,-0.46501831438419594
117,-0.6239228964429991,-0.47374528341919836
118,-0.6253480901022326,-0.4740456447114039
119,-0.6170496233762839,-0.48026776792359177
120,-0.6232815913968673,-0.4884174400872558
121,-0.6324673843435283,-0.45934850640975644
122,-0.630090315880314,-0.47833161414974795
123,-0.6203361770799083,-0.47675327706511006
124,-0.6145529708388557,-0.4607826427821695
125,-0.6285143381562727,-0.48279292130992363
126,-0.617884929067102,-0.46648504351177356
127,-0.629162295018473,-0.47390803194394077
128,-0.6430732344502005,-0.47766237319820987
129,-0.6358974457042923,-0.486696270695568
130,-0.6263246161156687,-0.48129024035739204
131,-0.6182217975286967,-0.47746579446931825
132,-0.6265946782097734,-0.48905565007759705
0,-0.6144328057110965,-0.4671940522907424
1,-0.5859871221112681,-0.4658793385011436
2,-0.6016331120103003,-0.49847736628386224
3,-0.6077790836754599,-0.47856567332344335
0,-0.019323058226811036,-0.011881146740445213
1,-0.020730127826052373,-0.012253893144441315
2,-0.0215930274944624,-0.012458254397544707
3,-0.020246902205126018,-0.012790529107725298
4,-0.021238275025971233,-0.013004364275902108
5,-0.02236595614347607,-0.01289932316836171
6,-0.022158883091011276,-0.013716932688210462
7,-0.02251011390251586,-0.013458608051862669
8,-0.01997686329544807,-0.013592375643752716
9,-0.025173309319652618,-0.01373814106793017
10,-0.022360286898910998,-0.014081621391547693
11,-0.024253968976209968,-0.014042880058892676
12,-0.019822847601276315,-0.014809735524468112
13,-0.026131892975034383,-0.013504713547189493
14,-0.022552967884096522,-0.014214112284920505
15,-0.025526164192068455,-0.014480789173142734
16,-0.02838122639294765,-0.01448089478386415
17,-0.023893710832117786,-0.01489621787206144
18,-0.02537847980044332,-0.015362312856784745
19,-0.027880143587898514,-0.015551802400197531
20,-0.028883586263541004,-0.015326787591785998
21,-0.023361102254985243,-0.015398608772335825
22,-0.023643473894554096,-0.015842435629786673
23,-0.03167179364711046,-0.01576402739344819
24,-0.024649337987447607,-0.016046962625271565
25,-0.0341592398852262,-0.016218965874695394
26,-0.028629974833995903,-0.016215844130193866
27,-0.032785713361126595,-0.016596412641572782
28,-0.025992698992458766,-0.016717862237144162
29,-0.03210330410429195,-0.017098672039070596
30,-0.0328076046722909,-0.01735266383636642
31,-0.03054880359758661,-0.01744088507886674
32,-0.02923364717513323,-0.01764655958961796
33,-0.03527492568636798,-0.017862900739183295
34,-0.031040492828707307,-0.01782969554030412
35,-0.03333266077525154,-0.018154140500465054
36,-0.035174408271832734,-0.018353869148995727
37,-0.03347095051780343,-0.018803798719435126
38,-0.03440249853490575,-0.01880738015815213
39,-0.036027286787862545,-0.019321823986624746
40,-0.03729967739970822,-0.01954489649348968
41,-0.0346383255533874,-0.020238432627814513
42,-0.0385929985173248,-0.020453985692379443
43,-0.03644971762834167,-0.02077162622240517
44,-0.03407338138669729,-0.020608411519001616
45,-0.03675641924181111,-0.020981262991758617
46,-0.036532464548945424,-0.021188983439650335
47,-0.03952935700166366,-0.022069799487252493
48,-0.040160423809928555,-0.021878426353371627
49,-0.03999974630219308,-0.02184991748701479
50,-0.04494400071792755,-0.022358471179714477
51,-0.038049113042652606,-0.02257153724093695
52,-0.041862100027501584,-0.023659772768213943
0,-0.042245169337196596,-0.02317876791631853
1,-0.041473070811480287,-0.023456297336599312
2,-0.044928001038000716,-0.023885041261343536
3,-0.04587860953062773,-0.024623933072025712
4,-0.04649776264974107,-0.024697310667220706
5,-0.04831258878622153,-0.025052065633841464
6,-0.045870995867822395,-0.02518640861317918
7,-0.04426686407847179,-0.02567511676131068
8,-0.04901850805617869,-0.02593086292413441
9,-0.050478556293419144,-0.026530426700372953
10,-0.053423928405190335,-0.02656679295909566
11,-0.0468118585832417,-0.02722186333424336
12,-0.04614455035260441,-0.027452394589655905
13,-0.05571210288111395,-0.027823062734667572
14,-0.04892106244404768,-0.027932318084539574
15,-0.05138124164581399,-0.02909941851097043
16,-0.0629944222420454,-0.029720027415031516
17,-0.05164634287102173,-0.029662937026571582
18,-0.06089653082191944,-0.03009280179803436
19,-0.057142604907898055,-0.029909313832585875
20,-0.055445972188199695,-0.030323294167583052
21,-0.06317472243553972,-0.03184012696146965
22,-0.05742938601530638,-0.03134640987735946
23,-0.06099380827027148,-0.03187724464648479
24,-0.06415388413478394,-0.031946910708840634
25,-0.06325379432160028,-0.03311106753913132
26,-0.0632007287750984,-0.032975511922936795
27,-0.07039072354362436,-0.03355591623364268
28,-0.06344514018425412,-0.03472084301442059
29,-0.06994957168705311,-0.03508072939262461
30,-0.06941995737017007,-0.03462280808142512
31,-0.07086646076090433,-0.03578358898694451
32,-0.061856494285166264,-0.03663748079860533
33,-0.07114486173170324,-0.036981861484614575
34,-0.06084282434976741,-0.03668548690306174
35,-0.08051912464201451,-0.037191623368778744
36,-0.06938568376004696,-0.037518621296496
37,-0.08414628218910465,-0.03866231326970297
38,-0.06851054033000223,-0.03845712321030127
39,-0.08186380580067634,-0.039281768397100875
40,-0.07230214421086166,-0.03970536730579428
41,-0.08848353497834013,-0.04073023495085222
42,-0.08044529217455922,-0.039869930969576375
43,-0.08363362222909927,-0.04135821890589353
44,-0.09029333468298523,-0.040747517266789
45,-0.07343293741753656,-0.042891026499706345
46,-0.08954875281193113,-0.043639592423632335
47,-0.08502967173233628,-0.04402356473980723
48,-0.08242925021472393,-0.04508614799360166
49,-0.08575455445796251,-0.0456866832257121
50,-0.07828538816097198,-0.04488946331312527
51,-0.09529115542169385,-0.04671886528061854
52,-0.08546430990099907,-0.045756987321215706
53,-0.08966264786989722,-0.04763120427929066
54,-0.0903179159761278,-0.04862713231075857
55,-0.09499264808648543,-0.048725218436605225
56,-0.09253412690138657,-0.04961833765579236
57,-0.10031180906315777,-0.04967042622534004
58,-0.09632720474204788,-0.0442823145437885
59,-0.09279074050435746,-0.05160409363137709
60,-0.09529150277376175,-0.050395879391077404
61,-0.10039093512916725,-0.0520719791938727
62,-0.10534405426728545,-0.05365262958346992
63,-0.1069174512251191,-0.05409409067170934
64,-0.10756548342047906,-0.05368533891600531
65,-0.10443054097110793,-0.05422419329752793
66,-0.10059295336202699,-0.05399132862284377
67,-0.10932751355313199,-0.05710068465890111
68,-0.10310777710521057,-0.05475702438805554
69,-0.10453239001333714,-0.05522900598274695
70,-0.1246590718626976,-0.05636848408628155
71,-0.12018852575203857,-0.05511682712145754
72,-0.1097498512216683,-0.059684506441290315
73,-0.10853226258590513,-0.05850515635432424
74,-0.1193597249236683,-0.06180747933182362
75,-0.1281174041126689,-0.05693721290039417
76,-0.11934525881932206,-0.061882766114698874
77,-0.12667904009336028,-0.06197418514135722
78,-0.114108728627636,-0.06273081280552426
79,-0.11991383849546827,-0.06292634293739055
80,-0.13064217597446184,-0.06432833703788551
81,-0.11961271485891392,-0.06401190257354362
82,-0.1272564934939146,-0.06309212099861454
83,-0.1335269705442762,-0.06719165000312559
84,-0.1339530642239415,-0.06784861434150387
85,-0.14238958279728084,-0.06550671824732342
86,-0.13415477802492168,-0.0668985027966571
87,-0.14643230983247496,-0.06814204458449338
88,-0.11971129350721428,-0.06642395257949829
89,-0.1444680370639193,-0.06993683406177002
90,-0.13638475159183144,-0.0697014210997401
91,-0.14446272336203478,-0.07260896859539522
92,-0.12980487249020872,-0.07125874506813046
93,-0.157757450099269,-0.07087144084476135
94,-0.1347114641067325,-0.07348940310043257
95,-0.14997277572751044,-0.07415965861464674
96,-0.15626496315002442,-0.07466529869801693
97,-0.14044646908772873,-0.07363588347829678
98,-0.15376928221627043,-0.07549237288736008
99,-0.15614276035078642,-0.08023725207690527
100,-0.1499543577759854,-0.07755600142519216
101,-0.15861877508155287,-0.07427893381136465
102,-0.13170360817477622,-0.07808622758130769
103,-0.16775668695569038,-0.0802207989869891
104,-0.16038143685827516,-0.08194910087321831
105,-0.15409585927957542,-0.08036435888828458
106,-0.15707574516534806,-0.08171321693304423
107,-0.15510011933846016,-0.08085774660513208
108,-0.16587564894216972,-0.08289768812538473
109,-0.16636570039633158,-0.08373116718890693
110,-0.15802691697046675,-0.08201646281255258
111,-0.17111525839607186,-0.0862961228232126
112,-0.16871248124396965,-0.08358913717613078
113,-0.15951579930830975,-0.07971938160124681
114,-0.16688845798897672,-0.0822492549951012
115,-0.17789704760385527,-0.08383344355467204
116,-0.17997665517032146,-0.08765111309598118
117,-0.17882466575483214,-0.08271457008211999
118,-0.17340669300932213,-0.08748004152098351
119,-0.18513261363522648,-0.08468957929997831
120,-0.17882306184116248,-0.09313638085449064
121,-0.17210686386659227,-0.08971892745358372
122,-0.19914664775133134,-0.09114761678250255
123,-0.17230483517050743,-0.0928946087086523
124,-0.18255471544606344,-0.09354120372114955
125,-0.16400666669911187,-0.09441858872368529
126,-0.18459032257890393,-0.09572535516734403
127,-0.1788791499629214,-0.09446936772783866
128,-0.18789457127451897,-0.09731532582962835
129,-0.1929587752327023,-0.09424191965041934
130,-0.1940047088135409,-0.10138355910375312
131,-0.18905581343894037,-0.0993397038530659
132,-0.20125701248645783,-0.0978878225023682
133,-0.19242398905861255,-0.1021649942204759
134,-0.20261563044296552,-0.0983550721729124
135,-0.201587992310524,-0.1055577340460307
136,-0.1966136466936777,-0.09991637838853372
137,-0.19002802541543698,-0.10176897934965186
138,-0.22238489245408333,-0.10061267944606575
139,-0.19894784339543048,-0.10036892767016685
140,-0.20246777911575473,-0.09723424755439565
141,-0.20511203914280707,-0.09698059034563876
142,-0.20802137143399618,-0.10602549080913132
143,-0.21357826739549637,-0.10143806893295385
144,-0.19838402211666106,-0.0970153503019262
145,-0.22326300770044327,-0.11251387322271192
146,-0.2021088201093347,-0.1105065781220391
147,-0.21937727848155386,-0.10155486536992563
148,-0.21777055352926256,-0.10506653395871557
149,-0.23991564130538132,-0.10692240919510172
150,-0.2243377631342651,-0.10641664347133122
151,-0.23174569113501187,-0.11143867800350328
152,-0.20725116033006358,-0.10941162823724586
153,-0.22381594644425667,-0.11234975495451205
154,-0.23422810085267828,-0.10731523583849226
155,-0.22218346729169827,-0.10813100736688923
156,-0.22783650386415116,-0.1112615319623335
157,-0.2211930301724648,-0.11765056993258563
158,-0.21935234133829207,-0.10729350797248265
159,-0.24187012016773224,-0.11442401521914713
160,-0.23847448886657246,-0.11617066811870884
161,-0.2175832158767137,-0.11590655309122962
162,-0.23334249649962333,-0.11432994418853037
163,-0.22180495911196574,-0.1158939810167696
164,-0.23245742977065528,-0.11742504288417262
165,-0.24353509791345404,-0.12521040399332303
166,-0.22955352639498777,-0.11356221099157592
167,-0.24995393097400664,-0.11513489454581931
168,-0.2344666354510249,-0.11786962159582086
169,-0.23940902312735576,-0.10909831780638243
170,-0.24494701829449883,-0.1201452645095619
171,-0.2344800577171751,-0.11886702162219326
172,-0.24996859560141693,-0.11917386662114311
173,-0.24697449590835796,-0.11945068675118524
174,-0.24096535906499747,-0.11684508596521777
175,-0.24453793376684188,-0.1213615987751935
176,-0.2428446582531276,-0.12322202969241787
177,-0.26473684486461013,-0.11898771889910505
178,-0.27517696439817146,-0.11249974320368916
179,-0.2637452930212021,-0.12005229188631543
180,-0.2550456401419966,-0.12456284463405609
181,-0.2576793766751581,-0.1202126806216453
182,-0.261801414859706,-0.11940926912467222
183,-0.27820042809661555,-0.1290848223624552
184,-0.25253832840347945,-0.12907020949028633
185,-0.24914743021331928,-0.11821386046908997
186,-0.2504710251012364,-0.12380313067822843
187,-0.284888419508934,-0.12597275746835246
188,-0.2825024127960205,-0.12842015680429097
189,-0.2664629802107811,-0.12161241189853565
190,-0.25070582612140757,-0.12383132709844692
191,-0.27693851470947267,-0.11695803742151002
192,-0.2594555206346832,-0.11721656733268015
193,-0.26352246957165854,-0.12183318755312546
194,-0.2843881005048752,-0.1280849855896589
195,-0.282727982012593,-0.12713321584364953
196,-0.26489735349712756,-0.12896313547232263
197,-0.2822857314364282,-0.125869850042855
198,-0.2752546989917755,-0.12935974401723896
199,-0.25338139579103747,-0.13169711425497727
200,-0.273685704080426,-0.12932973214097926
201,-0.2827420046617245,-0.1345688794815057
202,-0.3136244768629203,-0.13132638061368787
203,-0.2406174824541847,-0.12932749414766156
204,-0.288857689499855,-0.1326700014037055
205,-0.2880407116703085,-0.13100208382348758
206,-0.31489805207156496,-0.14014723487520855
207,-0.28227320334007,-0.13562160112856825
208,-0.26868773251771927,-0.1321077957447316
209,-0.3244024757170837,-0.12993140961672808
210,-0.3124643703167503,-0.1320247192983621
211,-0.28359311486820915,-0.13169846774355784
212,-0.28232893864719233,-0.13329581745170258
213,-0.30570282638072965,-0.13628676456219918
214,-0.2920532843021497,-0.1352112077780672
215,-0.3032615298032761,-0.1350040745896262
216,-0.3080761783743558,-0.1348651438146024
217,-0.30876012332737446,-0.1400073357438313
218,-0.29179845800335774,-0.1336741133316143
219,-0.30919611053978835,-0.13831169097810178
220,-0.30676530039793737,-0.1440183214239172
221,-0.280263911485672,-0.14099068295311284
222,-0.30226000245303325,-0.14089874439948313
223,-0.2955623008821109,-0.14006763261056984
224,-0.30375555218899086,-0.13875820819993276
225,-0.329901644708337,-0.14877635079461174
226,-0.31823647445118103,-0.14497975441249641
227,-0.318950452917331,-0.14764717764951088
228,-0.3103911657722629,-0.1442796371348605
229,-0.3148130464553833,-0.136588356382138
230,-0.28564340180280257,-0.1407722978792048
231,-0.30962376194457486,-0.14731072654595245
232,-0.31258813553565257,-0.14457758898670608
233,-0.3327685798309287,-0.14512599320025057
234,-0.32749572784116826,-0.1455879662487958
235,-0.3463760183469669,-0.15087369779074514
236,-0.29328315062065646,-0.15467797585606113
237,-0.2939678636573305,-0.14409598120098077
238,-0.3146318242467683,-0.1486495386909794
239,-0.3231292792728969,-0.14240500894752708
240,-0.33863345502990566,-0.1419746513302262
241,-0.32801500297322567,-0.14633495561979912
242,-0.3376171471097985,-0.14860180986894145
243,-0.3150568117161055,-0.14674544345292065
244,-0.3169733961956613,-0.1518924506129445
245,-0.32751165330410004,-0.15242152221800653
246,-0.3151276808977127,-0.15964902897138852
247,-0.342975751465599,-0.16015959994213
248,-0.33344307171887366,-0.1594750713395754
249,-0.31549397110939026,-0.15531857351999026
250,-0.3230007202649603,-0.14954110839076945
251,-0.33441227316856387,-0.13563181620997353
252,-0.32916445591270105,-0.15242460490884008
253,-0.3264046675852827,-0.15367349821168022
254,-0.3373232144733955,-0.1565456722174037
255,-0.3393677289053898,-0.1506770059869096
256,-0.3219906809378643,-0.1649538854992873
257,-0.314593999969716,-0.15480244481885755
258,-0.35862977619040504,-0.1560640340117184
259,-0.3293991984937015,-0.1611235471996101
260,-0.3548902553319931,-0.16475230213758107
261,-0.3363528001308441,-0.15527696021505305
262,-0.3462773360110618,-0.14904514520469037
263,-0.3228675807650025,-0.1579631792532431
264,-0.3510694559788544,-0.15832879253335902
265,-0.31699660110191025,-0.15637968158399737
266,-0.3507516187429428,-0.15885898370195078
267,-0.3418823231239708,-0.1572803258895874
268,-0.3545613777637482,-0.15132738851212166
269,-0.32950007975906936,-0.1635141050493395
270,-0.3386276364326477,-0.16306742220311551
271,-0.33880747079849244,-0.1652082873357309
272,-0.34059119285369405,-0.15771949693963333
273,-0.34925609086983955,-0.1514922774119957
274,-0.35787234246730804,-0.15900061526209922
275,-0.3508212323091468,-0.16932802395643415
276,-0.3448844323022254,-0.1644068522218178
277,-0.3437809747457504,-0.15996624661941472
278,-0.3526202925556415,-0.16705388840302868
279,-0.3555511253661123,-0.1667791826499475
280,-0.3455310962944223,-0.16363433164519234
281,-0.3808123353792697,-0.17123599229632197
282,-0.3473823269879496,-0.16803344256068403
283,-0.3723932732671699,-0.16135211248655576
284,-0.37967115085700465,-0.17132585804009412
285,-0.3624793668182529,-0.1572341561439906
286,-0.35764682170462936,-0.15946406258326778
287,-0.36550923503678423,-0.1691012873339492
288,-0.3853543960564845,-0.15012823649354884
289,-0.34719375674038716,-0.1671570346162126
290,-0.3809946130061972,-0.16064232990548416
291,-0.32419221103191376,-0.1601096725947148
292,-0.3775390721097284,-0.15230556037528692
293,-0.34771221896697735,-0.16751075596422763
294,-0.3799858634569207,-0.15058017597609274
295,-0.35527431657217595,-0.16742853880734057
296,-0.3642598154215977,-0.15654207519381433
297,-0.3651742548555941,-0.16446692355581233
298,-0.3795170103471395,-0.16686095981984525
299,-0.36443317701687683,-0.16326614811613754
300,-0.3810666251826931,-0.1762957615522995
301,-0.37626919828612226,-0.15656293727256157
302,-0.3558053879105315,-0.1584431465071309
303,-0.36149257829744524,-0.17229764606501605
304,-0.36476813518517726,-0.1676353731670895
305,-0.3858953996284588,-0.16925495233059534
306,-0.3705122311637826,-0.1597916574494259
307,-0.346800223492936,-0.16565777361392975
308,-0.3726298978475675,-0.17289862197798653
309,-0.3895946657412673,-0.1776299984068484
310,-0.3750030094221847,-0.1632220712867943
311,-0.3658421452703147,-0.17736205780576564
312,-0.37287626157001574,-0.1656843294968476
313,-0.36166628010827917,-0.16346215406382406
314,-0.39546262074823246,-0.15407068604553067
315,-0.3717874130546647,-0.167951851277738
316,-0.3906549289308745,-0.16528752325354396
317,-0.3933916736622246,-0.17239770499636997
318,-0.37477523006805,-0.18594638706030606
319,-0.3890172028541565,-0.17489122005462673
320,-0.3734577957489719,-0.17567386578869176
321,-0.35776954285196355,-0.16558833055298877
322,-0.41188153114220866,-0.17276532182822357
323,-0.38537622258167137,-0.17292495207061007
324,-0.39130480647087096,-0.16765276483587316
325,-0.4146471230351195,-0.17495062383445534
326,-0.3528816210659775,-0.16412541229982633
327,-0.3957603841411824,-0.1766676098907467
328,-0.359974668246426,-0.16950333007686846
329,-0.4084199219942093,-0.17654085562035843
330,-0.37516283082800944,-0.16971372994216713
331,-0.38832563465955305,-0.16297185179349538
332,-0.3822411447763443,-0.16357379128552368
333,-0.383094637369623,-0.17453088832868113
334,-0.3981258656297411,-0.16362988223900665
335,-0.3957583494234405,-0.1739877196582588
336,-0.36612774733756037,-0.17935161655013626
337,-0.38401849269866944,-0.17513430865088792
338,-0.3925993353128433,-0.17420052757134308
339,-0.3760216381098773,-0.16980497901504105
340,-0.39625628232955934,-0.17279251040639104
341,-0.4077255307017146,-0.16837756859289632
342,-0.38047139942646024,-0.16587097517865274
343,-0.4052090506367805,-0.17454841858833223
344,-0.37432770101016,-0.18536800709930626
345,-0.4293224680423737,-0.17607082435829766
346,-0.4012367767947061,-0.16351794672978892
347,-0.4054911039512733,-0.1644654402861724
348,-0.440691237449646,-0.17363729831334707
0,-0.394270073460496,-0.17394257276444822
1,-0.3875776574127656,-0.1781597572403985
2,-0.384492872187691,-0.17666363555031853
3,-0.3833324308781063,-0.16400442171741175
4,-0.35897676313101357,-0.17379204405320658
5,-0.3511464837524626,-0.16831159350034353
6,-0.37225586789495807,-0.17123705229243716
7,-0.35825735505889444,-0.15806784682177208
8,-0.4196409252674683,-0.1534045052689475
9,-0.37515726054671905,-0.17765693930355278
10,-0.3799791953859538,-0.1748709003818599
11,-0.40868033819338856,-0.16701564192771912
12,-0.3780521407945832,-0.1721087546163314
13,-0.37599997793821466,-0.17480832363104679
14,-0.3994089675986249,-0.18127885128917506
15,-0.3830191149659779,-0.16886030736605864
16,-0.39679463985173596,-0.16974994379120903
17,-0.3967211838186222,-0.16812246667219322
18,-0.3969547892138906,-0.17228312548753377
19,-0.41435283835786973,-0.16167076938861125
20,-0.3857907626363966,-0.15704735710814194
21,-0.39077834734567124,-0.16779502684497904
22,-0.3771939286545141,-0.16671321593418503
23,-0.411091610789299,-0.17134629914889465
24,-0.35984971648768377,-0.17884247744683687
25,-0.3994646396325982,-0.18556468749775867
26,-0.39609019828021974,-0.16668303592784986
27,-0.4031822348342222,-0.19033566731456164
28,-0.3766649052174422,-0.18085551950517934
29,-0.3839967148868661,-0.17262860166059957
30,-0.35985504526336837,-0.17648773771282789
31,-0.39769542994706525,-0.18195699316424294
32,-0.40079654652373237,-0.1673287645838148
33,-0.364941311578681,-0.16349460050107795
34,-0.4234630727945869,-0.16017409091865695
35,-0.4113917761378818,-0.1733045863944131
36,-0.4195747827961497,-0.1680801896806303
37,-0.38865670959154763,-0.1537801473386935
38,-0.4166710403428149,-0.15642622425092348
39,-0.39440587681272754,-0.15554283035768046
40,-0.41466630692768813,-0.16869398508522962
41,-0.3881832592793385,-0.17301436131064957
42,-0.4039502341816895,-0.169271718484123
43,-0.39873813215951276,-0.17207492646333333
44,-0.42878651707919674,-0.17005082401069435
45,-0.4178642494523007,-0.17175701824394432
46,-0.4127251221172845,-0.1814206693623517
47,-0.41020498015826806,-0.1684611528306394
48,-0.378775281102761,-0.1867526874348924
49,-0.36888261333755823,-0.17063910332885948
50,-0.4026310119939887,-0.18244910038806297
51,-0.41125125222735937,-0.18705481778109773
52,-0.39537783120484915,-0.17938235935729904
53,-0.37744717222096313,-0.18521261134663144
54,-0.406411218688004,-0.17830130618971748
55,-0.42316776601707234,-0.17905056617549947
56,-0.398779315067761,-0.16860886690848378
57,-0.4034685628569644,-0.15281528959403168
0,-0.021463529862320193,-0.018679998917402803
1,-0.029076010327229333,-0.027962677017018035
2,-0.041447909469257825,-0.039887980957116397
3,-0.057177358587781335,-0.054971394671516106
4,-0.07285474792013985,-0.07006713445042516
5,-0.0921844886711885,-0.08856555197265122
6,-0.1046671513709929,-0.1060186512358896
7,-0.1295964876141573,-0.1166318253828929
8,-0.13836795426905155,-0.13022668184814873
9,-0.15616812407202327,-0.13449249670400723
10,-0.16112070922384558,-0.14691249158356215
11,-0.16939719277972734,-0.15431348324477018
12,-0.1841051429896157,-0.1617874930520634
13,-0.19481501555473535,-0.17298002344566388
14,-0.18669519105622934,-0.1662359627393576
15,-0.20160558171222864,-0.1777946670631786
16,-0.2077376695797425,-0.17479139255298362
17,-0.20597254060923317,-0.18394078428928667
18,-0.21399945508350027,-0.18776961931815514
19,-0.21724444420374545,-0.20256219706037543
20,-0.22116396874189376,-0.19010047614574432
21,-0.2224104307418646,-0.19630258473066184
22,-0.2283547288241164,-0.2163518020412424
23,-0.22849554087107,-0.19589119920363793
24,-0.23844771484791305,-0.2187407434314162
25,-0.23212470924577763,-0.19615263778429765
26,-0.23333269226427522,-0.20407584113079114
27,-0.2349013644379455,-0.22089932940818452
28,-0.2404420394306035,-0.23049518072998132
29,-0.23715491260026955,-0.2340864453996931
30,-0.2547947324239291,-0.23919906852009531
31,-0.23437638699548716,-0.22633234779913347
32,-0.238016064121173,-0.24137130576175647
33,-0.25725471354447876,-0.2436209402896546
34,-0.24786110961622046,-0.18179897030631265
35,-0.2528322415868032,-0.23373594863729164
36,-0.2625616289191432,-0.23168329436045426
37,-0.24561889885469926,-0.24509009325897302
38,-0.2627509784388852,-0.2327761004914294
39,-0.254962415763965,-0.24183629011059857
40,-0.24554545043350814,-0.25703957742387123
41,-0.2587700684221915,-0.2449775572334017
42,-0.26912629772887436,-0.24290667130396917
43,-0.26312778660884273,-0.2614692878592145
44,-0.24712197847433925,-0.22983383821262107
45,-0.2578378379190524,-0.26220324815629603
46,-0.26407337587106505,-0.2651871121846713
47,-0.26379760205745695,-0.27224053589852304
48,-0.26180786693219055,-0.26412537137230674
49,-0.2567054150635714,-0.2629001707166106
50,-0.2831725776195526,-0.2769339050237949
51,-0.2626618741007594,-0.2526515214652805
52,-0.26780753553837766,-0.2551268976140808
53,-0.2690447392301265,-0.2696568129154352
54,-0.26413514934132754,-0.26361179974052934
55,-0.26903372849385765,-0.2605857456123436
56,-0.2787699812788583,-0.2718966788315511
57,-0.2738100525944732,-0.25587116394724163
58,-0.2799985621766137,-0.2705890654207586
59,-0.2813615736127819,-0.26440097850102645
60,-0.26934608344907884,-0.25174353836656926
61,-0.274066175458972,-0.2804344797527397
62,-0.2714679768452278,-0.2605766218442183
63,-0.2838720869559508,-0.2344252375456003
64,-0.270550348906937,-0.2577419814827678
65,-0.26908199365583724,-0.25792650894804314
66,-0.27838830960134003,-0.27849290036893154
67,-0.29258315772205207,-0.2831970977259206
68,-0.28268759645962166,-0.27495176386047193
69,-0.2831627086726661,-0.2626745628786611
70,-0.2821014559514112,-0.2807480111554429
71,-0.2814582753639955,-0.2763144714491708
72,-0.2763305327173361,-0.27213570410078697
73,-0.2811256822689559,-0.2769217153826913
74,-0.2797300069375026,-0.2832653976076252
75,-0.2939788288984102,-0.27543993834610825
76,-0.28804126868285046,-0.2815612453025776
77,-0.28481305695131687,-0.26281116133207805
78,-0.28799135220515265,-0.26088103422751796
79,-0.27645937137189924,-0.2686065484534253
80,-0.284371388500387,-0.24980803505404964
81,-0.29022689650095806,-0.26297891008984914
82,-0.27672975384272064,-0.26922234368848275
83,-0.2795091176187837,-0.27770164346956944
84,-0.29507764530365754,-0.27608840314896554
85,-0.29417651419515733,-0.2821470068378763
86,-0.283909329641754,-0.2711861447973566
87,-0.2891168630461103,-0.27748655748891304
88,-0.28945022431703715,-0.2817789889298953
89,-0.29184833596381105,-0.28155257544674717
90,-0.29621713985820664,-0.2747740611270234
91,-0.2943904864572987,-0.27911420248366975
92,-0.29664658544125494,-0.2528106609543601
93,-0.28033403297622894,-0.28175300163227124
94,-0.2907842931035277,-0.26409505749796774
95,-0.29737745489065465,-0.27376001090793817
96,-0.3063425959855164,-0.2763013014426598
97,-0.2959720697975898,-0.26816538729510464
98,-0.298449757811311,-0.28443302787267244
99,-0.3001293251218722,-0.28638650264058796
100,-0.31659384346925296,-0.2835579155893116
101,-0.299759224443238,-0.28931744183812824
102,-0.30981289785961774,-0.2870149206329178
103,-0.3155791063848069,-0.2927428791811178
104,-0.3167391683046634,-0.2903036082183922
105,-0.30470431908733486,-0.2751009673862667
106,-0.3108088623645694,-0.2914216148329305
107,-0.30466027453888295,-0.2905756631395319
108,-0.3176261840552246,-0.2864702946537144
109,-0.3163074199543443,-0.2874206632048219
110,-0.31449336982690373,-0.283326546896945
111,-0.30641157722105405,-0.29023118710124884
112,-0.318978516557782,-0.29017680179286787
113,-0.30838969442033276,-0.27677115143000425
114,-0.3123868225779202,-0.2837998736035693
115,-0.3092972001472077,-0.2911554036232141
116,-0.31525120564869474,-0.29203015434872975
117,-0.31477346900821657,-0.2934873731254221
118,-0.3164960690666287,-0.27932886926682443
119,-0.30802754713938785,-0.2906934962822841
120,-0.3114359262230483,-0.28634181782439516
121,-0.3145950992033843,-0.2939714188431645
122,-0.31553731732319434,-0.2931447192862794
123,-0.3013401693427471,-0.2902496067377237
124,-0.3093742996454239,-0.28217925180445663
125,-0.31438683178517723,-0.2919158807822636
126,-0.3123518093345092,-0.2936189940997532
127,-0.31252624002786783,-0.28572072170592927
128,-0.30981019526333003,-0.2960510587954259
129,-0.3028194638647774,-0.29401204235606143
130,-0.3141915332961392,-0.29087015920942955
131,-0.31558908830961413,-0.2794962653091976
132,-0.3177095919538656,-0.2908304350061731
133,-0.3201336227836217,-0.2896775979917128
134,-0.31853271085162493,-0.2969478971355564
135,-0.31627980419962676,-0.29445761835182105
136,-0.3147230337192486,-0.2805594081407065
137,-0.3200891749074422,-0.2855240761578738
138,-0.3128416701005055,-0.2978609662789565
139,-0.32350451476180675,-0.2920181965762442
140,-0.31526805653473255,-0.2867592176893255
141,-0.31461682638456656,-0.2946552005442944
142,-0.3261538140995558,-0.28511809352990036
143,-0.31140033992437216,-0.28705948689481714
144,-0.32708907265995824,-0.29326754333553734
145,-0.3182908829043028,-0.2921933983708476
146,-0.32474745285016887,-0.29614072972601585
147,-0.3190626475524593,-0.2984055162786127
148,-0.32952745865607996,-0.29565973301510234
149,-0.30981411698252653,-0.2845389125766335
150,-0.3201243226344769,-0.2952475980087951
151,-0.3173173537781072,-0.2837589106389454
152,-0.31008599501151546,-0.27835223700974016
153,-0.3193187764448713,-0.28193502177248947
154,-0.31624495134903835,-0.2892085787031677
155,-0.32958641571679886,-0.301749641423697
156,-0.31772993581811176,-0.2974924759550409
157,-0.3252605537315468,-0.2951105623454838
158,-0.32020219977085407,-0.29632649284142715
159,-0.31712911996253046,-0.2989842636244638
160,-0.3155937788560409,-0.29153071884270554
161,-0.3145384297863423,-0.30037592105813077
162,-0.3168867570023204,-0.2855883741771782
163,-0.3205893343131159,-0.2882246583045184
164,-0.32630859685994185,-0.292964681491747
165,-0.3233715756723918,-0.2936982486274216
166,-0.3206021524676981,-0.29230735655669327
167,-0.3193456164362498,-0.2775109443035755
168,-0.32329670621374273,-0.2982212465543013
169,-0.3233502376389194,-0.2914286837145522
170,-0.318601936485964,-0.2823280145178784
171,-0.3291359536922895,-0.2920052183198405
172,-0.3148305433773503,-0.27544740300912124
173,-0.325068622139784,-0.2957222913647746
174,-0.3237020187653028,-0.29799736856104253
175,-0.32441343991492894,-0.26605697025309555
176,-0.32783373867728044,-0.288576840371876
177,-0.32448245391443176,-0.2902969334806715
178,-0.32301343175081104,-0.2957210128123944
179,-0.3302850111778536,-0.3067985628987407
180,-0.33029508682397696,-0.29939774988771795
181,-0.3243322755281742,-0.3019182341439383
182,-0.32044618372163625,-0.29247742629313206
183,-0.3251776418074425,-0.2987396812045967
184,-0.3232866582158324,-0.2929969826242426
185,-0.3239257395885151,-0.2994927321816539
186,-0.3272623865641365,-0.29394696407265714
187,-0.32792583690204474,-0.2898408287501597
188,-0.32662085859806506,-0.2981334318826487
189,-0.31868025537618655,-0.29078182938334707
190,-0.33110264477791723,-0.2937098489357875
191,-0.3272596161032832,-0.2993702325192127
192,-0.3231169504778726,-0.27309470648293965
193,-0.3255513734244681,-0.2890402134303208
194,-0.3251188136444191,-0.2969430393570072
195,-0.3219570697275634,-0.29825629932539804
196,-0.3300434341797462,-0.2968051747961359
197,-0.32392775090699344,-0.2983582664977063
198,-0.3255790614530176,-0.2927262150979304
199,-0.3175556245691997,-0.29246157506010034
200,-0.3311990298234023,-0.29584237671160435
201,-0.3299195745710245,-0.2946406498060122
202,-0.3199692108121115,-0.29127156767216356
203,-0.3339914282927146,-0.2984308050228999
204,-0.3288745916901027,-0.2805495255596035
205,-0.32446625137451995,-0.2938038202432486
206,-0.33526684470879015,-0.291598888871434
207,-0.32851543194287786,-0.2883792552319202
208,-0.33061031103134153,-0.29403936600947117
209,-0.33680928759660916,-0.2999095687499413
0,-0.3266220790967894,-0.29465132329490157
1,-0.323961518283851,-0.3069894457911397
2,-0.33131039113246746,-0.28875801130965517
3,-0.31377512063173685,-0.3020317557748857
4,-0.3294065986789708,-0.2954967555763957
5,-0.3314247959763697,-0.30042482896165534
6,-0.3298162632975085,-0.2945855105971242
7,-0.32591667113935247,-0.2944398368452931
8,-0.3284829432035194,-0.29893134386984854
9,-0.32228754504854457,-0.2982120798839318
10,-0.32488177727715684,-0.29454210793579017
11,-0.3208351350005935,-0.29436890928299875
12,-0.3304323895371019,-0.30052982581840765
13,-0.33830059166340265,-0.2953510290973789
14,-0.33206102980507746,-0.30009651773578516
15,-0.3353818513728954,-0.29885694220825865
16,-0.33004728262082184,-0.3019487170072702
17,-0.33376466512384984,-0.2995535976939149
18,-0.32881030073306833,-0.292014370907794
19,-0.3297904499352272,-0.27891570722663794
20,-0.31788546200151796,-0.3007822184117286
21,-0.3254675665261722,-0.29748357619558063
22,-0.324117162934056,-0.29471285330070246
23,-0.3285683070558881,-0.29049278779344245
24,-0.3285721082693294,-0.3023508754405346
25,-0.33542392518785263,-0.29790812239542114
26,-0.32604663839211334,-0.30083354423334313
27,-0.32440851166330537,-0.287054799415253
28,-0.3236504118038337,-0.2963042642389025
29,-0.3352595646053333,-0.29899086926009627
30,-0.3324724238845381,-0.30163393177828945
31,-0.34363988012297275,-0.2979908205650665
0,-0.33389822525573787,-0.2989923362876033
1,-0.3248396916713763,-0.30077094920388947
2,-0.3281037636212449,-0.2953411049240238
3,-0.33846036216564607,-0.2965633826596396
4,-0.32746164962386604,-0.2994821651296301
5,-0.32374559919438767,-0.30474155355285815
6,-0.33151822773056416,-0.3042652525089599
7,-0.32634244417014563,-0.2985150856631143
8,-0.33473813496622956,-0.2985512070603423
9,-0.32811890920596337,-0.29717735340307044
10,-0.32776101658171847,-0.2980015338449688
11,-0.3244615565808931,-0.30343416988194644
12,-0.3241554368287325,-0.29554077950152724
13,-0.32534730239238785,-0.29358411342888086
14,-0.3322421850575608,-0.29374414649638503
15,-0.3277136017953543,-0.30404705857182596
16,-0.3314463188523366,-0.2974089781989108
17,-0.3289342858084482,-0.29351859924557444
18,-0.32325041726231574,-0.3006661930582026
19,-0.326944135973976,-0.2873273423084846
20,-0.33233768202364444,-0.2863955265218085
21,-0.3174437217283009,-0.2944736290764023
22,-0.3347838625484275,-0.29712744761299303
23,-0.3340774911300203,-0.2841504720541147
24,-0.32060902508119693,-0.2968903498335199
25,-0.3209495348503968,-0.29835769861609074
26,-0.3351026678830385,-0.3011115059092805
27,-0.3289831389558105,-0.2878230607116615
28,-0.33588980660030165,-0.28034109008181224
29,-0.3293283142541584,-0.301419252877707
30,-0.3325896389670108,-0.3021565963933756
31,-0.32901412032544614,-0.30243811371562246
32,-0.3446439280918323,-0.30280088919859666
33,-0.3242968562245369,-0.29851279776174944
34,-0.33656284535862036,-0.2969081493524405
35,-0.3239415330439806,-0.3044786335347773
0,-0.3237125117218856,-0.29577276700145594
1,-0.32059953833809335,-0.296600878566176
2,-0.3257389181541265,-0.3020486952839317
3,-0.33203748778532477,-0.2980445793696812
4,-0.3256551639148683,-0.2959316621769916
5,-0.3291691844976401,-0.29055671803243865
6,-0.3201419199455757,-0.29740681360056115
7,-0.3216252094916715,-0.28584806408200947
8,-0.32608553243957406,-0.29466847960765546
9,-0.33090296327160096,-0.294632294348308
10,-0.33167112231864343,-0.2958785246361743
11,-0.3372197546290629,-0.3004059388742342
12,-0.32536444363703254,-0.2926920164417435
13,-0.3217306173208988,-0.2946658556932931
14,-0.3360777386661732,-0.29590372331849824
15,-0.3289329289331049,-0.29694591347987837
16,-0.32724643833175,-0.3001795126186622
17,-0.32024398438460994,-0.29673760245134545
18,-0.32291351186529715,-0.2956693398428487
19,-0.3293192192460551,-0.28588263837845773
20,-0.3277646677226436,-0.2896276348894769
21,-0.3228058483527631,-0.30013975697559314
22,-0.3295478974350818,-0.29063834708470565
23,-0.33193384854099417,-0.2976456779045063
24,-0.32418648336507094,-0.29723046245155754
25,-0.32903951110730645,-0.29621666031224386
26,-0.33854149771100694,-0.3025785753360161
27,-0.3351874550183614,-0.29822705735217087
28,-0.3224246632872206,-0.29143195754879125
29,-0.33841884759304774,-0.2969091325015812
30,-0.3297674749470964,-0.29802426073577376
31,-0.33917806884556106,-0.30061322843635474
32,-0.3377449283642428,-0.2915690536354924
33,-0.3297883698886091,-0.2952190814437447
34,-0.32573343142298344,-0.2978820931780469
35,-0.32577544314260704,-0.3006093282620985
36,-0.33801604920264444,-0.29735136359602543
37,-0.332275366041866,-0.2991265114192124
38,-0.31581335522386494,-0.30429654461996897
39,-0.33072276163827347,-0.2941826139832591
40,-0.3308200918081153,-0.29874181485438084
41,-0.32832159203819083,-0.2971569781120007
42,-0.33252682654083077,-0.2995702729120359
43,-0.32854810440298265,-0.3000986998552804
44,-0.33822032779001343,-0.30017092529233996
45,-0.32964527686588635,-0.30041553931576864
46,-0.335021170332462,-0.30145066125052317
47,-0.3219415584696999,-0.29676297503513294
48,-0.33264422145756806,-0.3016987341445881
49,-0.33934083330722253,-0.2802916156066643
50,-0.32702843520952307,-0.2938565567627058
51,-0.33831197859681383,-0.2931451181789021
52,-0.3269326448591833,-0.2897482177058419
53,-0.3292976314468043,-0.29604888846586036
54,-0.33492579783192117,-0.3019506764280927
55,-0.33093982157499896,-0.29152091093115756
56,-0.331409498146086,-0.30018767485251796
57,-0.32858910070189945,-0.28950237048851263
58,-0.3272176055731822,-0.2868988818519718
59,-0.3370534630887436,-0.29552651401404495
60,-0.3378089988113517,-0.2839345335960388
61,-0.324415086869952,-0.2799104651906988
62,-0.328601899265333,-0.2863251750285809
63,-0.34607786466093626,-0.2929518402932764
64,-0.3344530302918319,-0.30110224459197493
65,-0.34309121695431793,-0.30607452268128865
66,-0.33461240539090886,-0.29525827231642965
67,-0.3317180603291049,-0.29801512648771095
68,-0.3293319501494633,-0.2926343918501676
69,-0.3292570704130957,-0.2961248631005759
70,-0.3407107080732073,-0.29126128947341834
71,-0.3339325140171413,-0.2915599123462216
72,-0.33444492541709725,-0.29957402800465677
73,-0.3334869683543338,-0.3030751547315618
74,-0.33103784683103465,-0.28232924754802996
75,-0.3366822838935706,-0.3011715931224299
76,-0.34139516273019266,-0.3022337699984456
77,-0.3305217276143906,-0.3025902766775299
78,-0.3381297545233354,-0.29923442333609196
79,-0.34128944439633846,-0.30083750892471484
80,-0.3313802911091577,-0.3026848972498716
81,-0.32998406197256447,-0.29685142177801865
82,-0.3276891272279281,-0.2948100170591375
83,-0.3413124094381357,-0.2966310724124804
84,-0.33343007932512125,-0.29585888326823057
85,-0.3366715209868253,-0.29630095126864675
86,-0.33347070456006145,-0.2950887454080058
87,-0.33420615068828785,-0.3004384358505626
88,-0.3332821812056288,-0.2928077588369558
89,-0.34743322218623,-0.28945989431915703
90,-0.3287687192918087,-0.29874720317976816
91,-0.34605076337409446,-0.3000010870970212
92,-0.3381533720815668,-0.2968598859650748
93,-0.34388567222893696,-0.30429620991696366
94,-0.3246490900135282,-0.2960424357718164
95,-0.33794873506974077,-0.298074218925539
0,-0.3348991724161001,-0.3002375718001481
1,-0.3330957494772874,-0.2958966064584124
2,-0.32894921210860223,-0.2929300744454939
3,-0.3206008691054124,-0.2957891739986755
4,-0.33613583330924696,-0.2976138526266748
5,-0.33153707486191875,-0.3012109290767502
6,-0.34394946893566986,-0.2993062135282454
7,-0.3294460976246706,-0.3010560161137319
8,-0.3418604214470108,-0.2990674075189528
9,-0.3270159260584758,-0.3001107792932909
10,-0.34102177482031304,-0.2987623237646543
11,-0.33469596025231596,-0.2954327526328328
12,-0.33309819382689604,-0.2962897541103782
13,-0.33629941917382755,-0.294787463251051
14,-0.3434726219910842,-0.29873138404154514
15,-0.3258335255279442,-0.295164670918014
16,-0.3302566544576125,-0.2981649018250979
17,-0.3349493349973972,-0.297220467538624
18,-0.33291010240662683,-0.2885293960571289
19,-0.336083105796407,-0.2968559871008108
20,-0.34215773916863773,-0.2941109544628269
21,-0.33033414024573104,-0.300054553937126
22,-0.3525105782217109,-0.29099394381046295
23,-0.33170397706734117,-0.2973192766472533
24,-0.331875943953229,-0.297738369677093
25,-0.34479157268538957,-0.2930662202966082
26,-0.33027420957168147,-0.2955544181577452
27,-0.34501303617180007,-0.2990703381352372
28,-0.3378308519643823,-0.3005983022215602
29,-0.3359544811310706,-0.30243441233268153
30,-0.3358784673749938,-0.29916696070314763
31,-0.3417058181453061,-0.2974778557871724
32,-0.34094329201376317,-0.3003530345120273
33,-0.33800162805109907,-0.29548123708138097
34,-0.3352904551133399,-0.29776012897491455
35,-0.3381603743021305,-0.2960949422238947
36,-0.3374650047375606,-0.29550903216823116
37,-0.3381506542776533,-0.3002301981815925
38,-0.33978216757172164,-0.29332403527511347
39,-0.32516766835607414,-0.2928298993425055
40,-0.32735529727268714,-0.29048101751358957
41,-0.33377050298910876,-0.29401808780628247
42,-0.33476746460625545,-0.2906700834468171
43,-0.33949127266933393,-0.2956257937373696
44,-0.33081321037092876,-0.2983423528762964
45,-0.3336854535263854,-0.28961646671478564
46,-0.34405704190076325,-0.292399776833398
47,-0.33396635378271805,-0.3063461338425731
48,-0.3448452517505764,-0.28562729633771455
49,-0.3394880168831226,-0.2988923260798821
50,-0.33462183421308345,-0.3046074044573438
51,-0.34071927552039805,-0.3019647601541582
52,-0.3331278322278991,-0.2956611071969127
53,-0.33695752173662186,-0.30112571179211794
54,-0.33738810809758996,-0.29602104621929126
55,-0.340494957527557,-0.2995616082961743
56,-0.32683282859565677,-0.29918043102536884
57,-0.3447429682571048,-0.2945890302186484
58,-0.3475946847771861,-0.29453956049222213
59,-0.34419848554834875,-0.3012076396863539
60,-0.3320470121257084,-0.3017398940992879
61,-0.3420428670558733,-0.27236621687700463
62,-0.3390393358010512,-0.3032630878490406
63,-0.33168463246810004,-0.30774102564696426
64,-0.3439251890549293,-0.30197017991935815
65,-0.3363137182801269,-0.2925224815096174
66,-0.3455599334882331,-0.2969665481494023
67,-0.3477596640586853,-0.29220528229252324
68,-0.3351481205457217,-0.3046938133436245
69,-0.3387106928935985,-0.30351644885409007
70,-0.33966583044498,-0.2918902512762573
71,-0.34924602829493007,-0.3078553768304678
72,-0.3366996576619703,-0.3081503366376018
73,-0.34261885583400725,-0.2801924256178049
74,-0.334699835676154,-0.29456462080662066
75,-0.33808469726489143,-0.30188886248148405
76,-0.3380062041669777,-0.3019138813673795
77,-0.33817727256130864,-0.29824836208270145
78,-0.3493700201056667,-0.306643233194456
79,-0.34628872492932417,-0.3013327793105618
80,-0.33938943883041284,-0.3021243316131634
81,-0.3461815268184348,-0.2937494015300667
82,-0.3471971521723456,-0.30784804218417994
83,-0.3353573080805159,-0.29648011235090405
84,-0.33901466933580543,-0.2926240304669181
85,-0.34087785142798754,-0.30129410375605575
86,-0.34470203827699847,-0.30412908111299786
87,-0.342597356185815,-0.28896367942893897
88,-0.3410191845464829,-0.2931543624663091
89,-0.3411949923796247,-0.303490739602309
90,-0.34285222435152374,-0.28932174008626205
91,-0.3374805416729885,-0.3055090164090251
92,-0.33956216930730176,-0.29599772688451703
93,-0.34172494790350744,-0.2989567115411654
94,-0.34621917978697214,-0.2947002940780514
95,-0.3456139811711718,-0.3024873736795488
96,-0.3394724671657269,-0.30206498438185386
97,-0.33042174600637875,-0.3016075346168581
98,-0.3472624423412176,-0.30196440514627393
99,-0.3338332456473859,-0.29055509233212734
100,-0.34700235426425935,-0.301304667533099
101,-0.3381618953668154,-0.30089578179867715
102,-0.3390711064522083,-0.2992626503928677
0,-0.3454511821269989,-0.29520971991203643
1,-0.3417529047715782,-0.30154322791885546
2,-0.3393676956104119,-0.2969947637437464
3,-0.33587351170453156,-0.3086569341984424
4,-0.3386057115652982,-0.30681339626783855
5,-0.343092679977417,-0.29815864923236135
6,-0.3452036458416553,-0.29866703624253743
7,-0.3438905041838747,-0.2980358571141631
8,-0.34333726911627627,-0.29046890696326455
9,-0.341130966050619,-0.2975142909275306
10,-0.3366372138261795,-0.2971904988472278
11,-0.3461176724942683,-0.2996569419955159
12,-0.3388662572312296,-0.2966342617522229
13,-0.33704935770316663,-0.2971477164671971
14,-0.33923859658217664,-0.2851749321261605
15,-0.34425811317954996,-0.2975006630787483
16,-0.33021968559307213,-0.3019299629952881
17,-0.3385477507555926,-0.29857542652350205
18,-0.33768893800399924,-0.3046737285433235
19,-0.34979697353769057,-0.2962526420315543
20,-0.3439084496486392,-0.3024247852000561
21,-0.34364197938530533,-0.2993933833562411
22,-0.33880921668476527,-0.2901165192271327
23,-0.33733724583597746,-0.29541194226060596
24,-0.34892183971168383,-0.3020949057497821
25,-0.3481993307694608,-0.29679187477289976
26,-0.3447277077078523,-0.2981494753570347
27,-0.34928230930257725,-0.2932659796961061
28,-0.3417583035655541,-0.29066036133975776
29,-0.3388266311128541,-0.307833058493478
30,-0.35324416267073183,-0.30200893800337236
31,-0.3387853685270977,-0.30179003798044646
32,-0.33938332972703156,-0.29748839434686597
33,-0.3298971338852032,-0.2872027224236792
0,-0.3428306202404201,-0.30571536048428044
1,-0.345025322044083,-0.30466543973147214
2,-0.33736173808574677,-0.2971193760960967
3,-0.33617580650668394,-0.303720073058055
4,-0.3510512651409954,-0.3044998023536179
